  frmPrincipal.cpp
C:\Users\ÁNGEL ARTURO\Desktop\Proyecto Agricultura Vertical\ProyectoVerticalFarms\ProyectoVerticalFarmsView\frmNuevoWiki.h(458,25): warning C4244: 'inicializando': conversión de 'double' a 'float'; posible pérdida de datos
C:\Users\ÁNGEL ARTURO\Desktop\Proyecto Agricultura Vertical\ProyectoVerticalFarms\ProyectoVerticalFarmsView\frmNuevoWiki.h(459,27): warning C4244: 'inicializando': conversión de 'double' a 'float'; posible pérdida de datos
C:\Users\ÁNGEL ARTURO\Desktop\Proyecto Agricultura Vertical\ProyectoVerticalFarms\ProyectoVerticalFarmsView\frmNuevoWiki.h(460,25): warning C4244: 'inicializando': conversión de 'double' a 'float'; posible pérdida de datos
C:\Users\ÁNGEL ARTURO\Desktop\Proyecto Agricultura Vertical\ProyectoVerticalFarms\ProyectoVerticalFarmsView\frmNuevoWiki.h(461,25): warning C4244: 'inicializando': conversión de 'double' a 'float'; posible pérdida de datos
C:\Users\ÁNGEL ARTURO\Desktop\Proyecto Agricultura Vertical\ProyectoVerticalFarms\ProyectoVerticalFarmsView\frmNuevoWiki.h(462,27): warning C4244: 'inicializando': conversión de 'double' a 'float'; posible pérdida de datos
C:\Users\ÁNGEL ARTURO\Desktop\Proyecto Agricultura Vertical\ProyectoVerticalFarms\ProyectoVerticalFarmsView\frmNuevoWiki.h(463,25): warning C4244: 'inicializando': conversión de 'double' a 'float'; posible pérdida de datos
C:\Users\ÁNGEL ARTURO\Desktop\Proyecto Agricultura Vertical\ProyectoVerticalFarms\ProyectoVerticalFarmsView\frmNuevoWiki.h(464,21): warning C4244: 'inicializando': conversión de 'double' a 'float'; posible pérdida de datos
C:\Users\ÁNGEL ARTURO\Desktop\Proyecto Agricultura Vertical\ProyectoVerticalFarms\ProyectoVerticalFarmsView\frmNuevoWiki.h(465,23): warning C4244: 'inicializando': conversión de 'double' a 'float'; posible pérdida de datos
C:\Users\ÁNGEL ARTURO\Desktop\Proyecto Agricultura Vertical\ProyectoVerticalFarms\ProyectoVerticalFarmsView\frmNuevoWiki.h(466,21): warning C4244: 'inicializando': conversión de 'double' a 'float'; posible pérdida de datos
C:\Users\ÁNGEL ARTURO\Desktop\Proyecto Agricultura Vertical\ProyectoVerticalFarms\ProyectoVerticalFarmsView\frmEditarWiki.h(505,25): warning C4244: 'inicializando': conversión de 'double' a 'float'; posible pérdida de datos
C:\Users\ÁNGEL ARTURO\Desktop\Proyecto Agricultura Vertical\ProyectoVerticalFarms\ProyectoVerticalFarmsView\frmEditarWiki.h(506,27): warning C4244: 'inicializando': conversión de 'double' a 'float'; posible pérdida de datos
C:\Users\ÁNGEL ARTURO\Desktop\Proyecto Agricultura Vertical\ProyectoVerticalFarms\ProyectoVerticalFarmsView\frmEditarWiki.h(507,25): warning C4244: 'inicializando': conversión de 'double' a 'float'; posible pérdida de datos
C:\Users\ÁNGEL ARTURO\Desktop\Proyecto Agricultura Vertical\ProyectoVerticalFarms\ProyectoVerticalFarmsView\frmEditarWiki.h(509,25): warning C4244: 'inicializando': conversión de 'double' a 'float'; posible pérdida de datos
C:\Users\ÁNGEL ARTURO\Desktop\Proyecto Agricultura Vertical\ProyectoVerticalFarms\ProyectoVerticalFarmsView\frmEditarWiki.h(510,27): warning C4244: 'inicializando': conversión de 'double' a 'float'; posible pérdida de datos
C:\Users\ÁNGEL ARTURO\Desktop\Proyecto Agricultura Vertical\ProyectoVerticalFarms\ProyectoVerticalFarmsView\frmEditarWiki.h(511,25): warning C4244: 'inicializando': conversión de 'double' a 'float'; posible pérdida de datos
C:\Users\ÁNGEL ARTURO\Desktop\Proyecto Agricultura Vertical\ProyectoVerticalFarms\ProyectoVerticalFarmsView\frmEditarWiki.h(512,21): warning C4244: 'inicializando': conversión de 'double' a 'float'; posible pérdida de datos
C:\Users\ÁNGEL ARTURO\Desktop\Proyecto Agricultura Vertical\ProyectoVerticalFarms\ProyectoVerticalFarmsView\frmEditarWiki.h(513,23): warning C4244: 'inicializando': conversión de 'double' a 'float'; posible pérdida de datos
C:\Users\ÁNGEL ARTURO\Desktop\Proyecto Agricultura Vertical\ProyectoVerticalFarms\ProyectoVerticalFarmsView\frmEditarWiki.h(514,21): warning C4244: 'inicializando': conversión de 'double' a 'float'; posible pérdida de datos
C:\Users\ÁNGEL ARTURO\Desktop\Proyecto Agricultura Vertical\ProyectoVerticalFarms\ProyectoVerticalFarmsView\frmPrincipal.cpp(10,1): warning C4829: Parámetros posiblemente incorrectos para la función main. Utilice 'int main(Platform::Array<Platform::String^>^ argv)'
C:\Users\ÁNGEL ARTURO\Desktop\Proyecto Agricultura Vertical\ProyectoVerticalFarms\ProyectoVerticalFarmsView\frmRegistroUsuario.h(522): warning C4700: se utilizó la variable local 'codigo' sin inicializar
  frmAgregarEncargadoAEstacion.obj : se encontró un módulo MSIL; vinculación incremental deshabilitada para MSIL; ejecutando vínculo completo
  ProyectoVerticalFarmsView.vcxproj -> C:\Users\ÁNGEL ARTURO\Desktop\Proyecto Agricultura Vertical\ProyectoVerticalFarms\x64\Debug\ProyectoVerticalFarmsView.exe
