c:\users\ángel arturo\desktop\grupo agricultura vertical-entregable3\proyectoverticalfarms\proyectoverticalfarmsmodel\x64\debug\vc142.pdb
c:\users\ángel arturo\desktop\grupo agricultura vertical-entregable3\proyectoverticalfarms\proyectoverticalfarmsmodel\x64\debug\.netframework,version=v4.7.1.assemblyattributes.obj
c:\users\ángel arturo\desktop\grupo agricultura vertical-entregable3\proyectoverticalfarms\proyectoverticalfarmsmodel\x64\debug\wiki.obj
c:\users\ángel arturo\desktop\grupo agricultura vertical-entregable3\proyectoverticalfarms\proyectoverticalfarmsmodel\x64\debug\usuario.obj
c:\users\ángel arturo\desktop\grupo agricultura vertical-entregable3\proyectoverticalfarms\proyectoverticalfarmsmodel\x64\debug\tarearealizada.obj
c:\users\ángel arturo\desktop\grupo agricultura vertical-entregable3\proyectoverticalfarms\proyectoverticalfarmsmodel\x64\debug\parametros.obj
c:\users\ángel arturo\desktop\grupo agricultura vertical-entregable3\proyectoverticalfarms\proyectoverticalfarmsmodel\x64\debug\necesidad.obj
c:\users\ángel arturo\desktop\grupo agricultura vertical-entregable3\proyectoverticalfarms\proyectoverticalfarmsmodel\x64\debug\estacion.obj
c:\users\ángel arturo\desktop\grupo agricultura vertical-entregable3\proyectoverticalfarms\proyectoverticalfarmsmodel\x64\debug\camaracrecimiento.obj
c:\users\ángel arturo\desktop\grupo agricultura vertical-entregable3\proyectoverticalfarms\proyectoverticalfarmsmodel\x64\debug\encargado.obj
c:\users\ángel arturo\desktop\grupo agricultura vertical-entregable3\proyectoverticalfarms\proyectoverticalfarmsmodel\x64\debug\administrador.obj
c:\users\ángel arturo\desktop\grupo agricultura vertical-entregable3\proyectoverticalfarms\x64\debug\proyectoverticalfarmsmodel.dll
c:\users\ángel arturo\desktop\grupo agricultura vertical-entregable3\proyectoverticalfarms\x64\debug\proyectoverticalfarmsmodel.pdb
c:\users\ángel arturo\desktop\grupo agricultura vertical-entregable3\proyectoverticalfarms\proyectoverticalfarmsmodel\x64\debug\iluminacion.obj
c:\users\ángel arturo\desktop\grupo agricultura vertical-entregable3\proyectoverticalfarms\proyectoverticalfarmsmodel\x64\debug\proyecto.c139a7cb.tlog\cl.command.1.tlog
c:\users\ángel arturo\desktop\grupo agricultura vertical-entregable3\proyectoverticalfarms\proyectoverticalfarmsmodel\x64\debug\proyecto.c139a7cb.tlog\cl.read.1.tlog
c:\users\ángel arturo\desktop\grupo agricultura vertical-entregable3\proyectoverticalfarms\proyectoverticalfarmsmodel\x64\debug\proyecto.c139a7cb.tlog\cl.write.1.tlog
c:\users\ángel arturo\desktop\grupo agricultura vertical-entregable3\proyectoverticalfarms\proyectoverticalfarmsmodel\x64\debug\proyecto.c139a7cb.tlog\link.command.1.tlog
c:\users\ángel arturo\desktop\grupo agricultura vertical-entregable3\proyectoverticalfarms\proyectoverticalfarmsmodel\x64\debug\proyecto.c139a7cb.tlog\link.read.1.tlog
c:\users\ángel arturo\desktop\grupo agricultura vertical-entregable3\proyectoverticalfarms\proyectoverticalfarmsmodel\x64\debug\proyecto.c139a7cb.tlog\link.write.1.tlog
c:\users\ángel arturo\desktop\grupo agricultura vertical-entregable3\proyectoverticalfarms\proyectoverticalfarmsmodel\x64\debug\proyecto.c139a7cb.tlog\metagen.read.1.tlog
c:\users\ángel arturo\desktop\grupo agricultura vertical-entregable3\proyectoverticalfarms\proyectoverticalfarmsmodel\x64\debug\proyecto.c139a7cb.tlog\metagen.write.1.tlog
