c:\users\ángel arturo\source\repos\mundovegetal\proyectoverticalfarms\proyectoverticalfarmsview\debug\vc142.pdb
c:\users\ángel arturo\source\repos\mundovegetal\proyectoverticalfarms\proyectoverticalfarmsview\debug\.netframework,version=v4.7.1.assemblyattributes.obj
c:\users\ángel arturo\source\repos\mundovegetal\proyectoverticalfarms\proyectoverticalfarmsview\debug\frmprincipal.obj
c:\users\ángel arturo\source\repos\mundovegetal\proyectoverticalfarms\proyectoverticalfarmsview\debug\frmpaginaprincipal.obj
c:\users\ángel arturo\source\repos\mundovegetal\proyectoverticalfarms\proyectoverticalfarmsview\debug\frmmantestacion.obj
c:\users\ángel arturo\source\repos\mundovegetal\proyectoverticalfarms\proyectoverticalfarmsview\debug\frmcrearestacion.obj
c:\users\ángel arturo\source\repos\mundovegetal\proyectoverticalfarms\proyectoverticalfarmsview\debug\proyectoverticalfarmsview.frmcrearestacion.resources
c:\users\ángel arturo\source\repos\mundovegetal\proyectoverticalfarms\proyectoverticalfarmsview\debug\proyectoverticalfarmsview.frmmantestacion.resources
c:\users\ángel arturo\source\repos\mundovegetal\proyectoverticalfarms\proyectoverticalfarmsview\debug\proyectoverticalfarmsview.frmpaginaprincipal.resources
c:\users\ángel arturo\source\repos\mundovegetal\proyectoverticalfarms\proyectoverticalfarmsview\debug\proyectoverticalfarmsview.frmprincipal.resources
c:\users\ángel arturo\source\repos\mundovegetal\proyectoverticalfarms\proyectoverticalfarmsview\debug\proyectoverticalfarmsview.vcxproj.generateresource.cache
c:\users\ángel arturo\source\repos\mundovegetal\proyectoverticalfarms\debug\proyectoverticalfarmsview.exe
c:\users\ángel arturo\source\repos\mundovegetal\proyectoverticalfarms\proyectoverticalfarmsview\debug\proyecto.4e2357c2.tlog\cl.command.1.tlog
c:\users\ángel arturo\source\repos\mundovegetal\proyectoverticalfarms\proyectoverticalfarmsview\debug\proyecto.4e2357c2.tlog\cl.read.1.tlog
c:\users\ángel arturo\source\repos\mundovegetal\proyectoverticalfarms\proyectoverticalfarmsview\debug\proyecto.4e2357c2.tlog\cl.write.1.tlog
c:\users\ángel arturo\source\repos\mundovegetal\proyectoverticalfarms\proyectoverticalfarmsview\debug\proyecto.4e2357c2.tlog\link.command.1.tlog
c:\users\ángel arturo\source\repos\mundovegetal\proyectoverticalfarms\proyectoverticalfarmsview\debug\proyecto.4e2357c2.tlog\link.read.1.tlog
c:\users\ángel arturo\source\repos\mundovegetal\proyectoverticalfarms\proyectoverticalfarmsview\debug\proyecto.4e2357c2.tlog\link.write.1.tlog
c:\users\ángel arturo\source\repos\mundovegetal\proyectoverticalfarms\proyectoverticalfarmsview\debug\proyecto.4e2357c2.tlog\metagen.read.1.tlog
c:\users\ángel arturo\source\repos\mundovegetal\proyectoverticalfarms\proyectoverticalfarmsview\debug\proyecto.4e2357c2.tlog\metagen.write.1.tlog
c:\users\ángel arturo\source\repos\mundovegetal\proyectoverticalfarms\proyectoverticalfarmsview\debug\proyecto.4e2357c2.tlog\proyectoverticalfarmsview.read.1u.tlog
c:\users\ángel arturo\source\repos\mundovegetal\proyectoverticalfarms\proyectoverticalfarmsview\debug\proyecto.4e2357c2.tlog\proyectoverticalfarmsview.write.1u.tlog
